2026-02-10T11:50:32.032Z [MSG]: getAllMessages Check - UserID Param: "5DMENCsdKbQ5DTvv9O7hqrmYwv22", AuthUser ID: "5DMENCsdKbQ5DTvv9O7hqrmYwv22", Type: string
2026-02-10T11:50:41.994Z [MSG]: getAllMessages Check - UserID Param: "LAYAudITwwWjsZoQWz6FtZp8DuI3", AuthUser ID: "LAYAudITwwWjsZoQWz6FtZp8DuI3", Type: string
2026-02-10T11:50:51.930Z [MSG]: getAllMessages Check - UserID Param: "LAYAudITwwWjsZoQWz6FtZp8DuI3", AuthUser ID: "LAYAudITwwWjsZoQWz6FtZp8DuI3", Type: string
2026-02-10T11:53:22.047Z [MSG]: getAllMessages Check - UserID Param: "5DMENCsdKbQ5DTvv9O7hqrmYwv22", AuthUser ID: "5DMENCsdKbQ5DTvv9O7hqrmYwv22", Type: string
2026-02-10T11:54:47.516Z [MSG]: getAllMessages Check - UserID Param: "LAYAudITwwWjsZoQWz6FtZp8DuI3", AuthUser ID: "LAYAudITwwWjsZoQWz6FtZp8DuI3", Type: string
2026-02-10T11:57:48.703Z [MSG]: getAllMessages Check - UserID Param: "LAYAudITwwWjsZoQWz6FtZp8DuI3", AuthUser ID: "LAYAudITwwWjsZoQWz6FtZp8DuI3", Type: string
2026-02-10T11:57:52.545Z [MSG]: getAllMessages Check - UserID Param: "5DMENCsdKbQ5DTvv9O7hqrmYwv22", AuthUser ID: "5DMENCsdKbQ5DTvv9O7hqrmYwv22", Type: string
2026-02-10T12:00:09.006Z [MSG]: getAllMessages Check - UserID Param: "5DMENCsdKbQ5DTvv9O7hqrmYwv22", AuthUser ID: "5DMENCsdKbQ5DTvv9O7hqrmYwv22", Type: string
2026-02-10T12:11:49.648Z [MSG]: getAllMessages Check - UserID Param: "LAYAudITwwWjsZoQWz6FtZp8DuI3", AuthUser ID: "LAYAudITwwWjsZoQWz6FtZp8DuI3", Type: string
2026-02-10T12:11:58.555Z [MSG]: getAllMessages Check - UserID Param: "5DMENCsdKbQ5DTvv9O7hqrmYwv22", AuthUser ID: "5DMENCsdKbQ5DTvv9O7hqrmYwv22", Type: string
2026-02-10T12:14:49.979Z [MSG]: getAllMessages Check - UserID Param: "5DMENCsdKbQ5DTvv9O7hqrmYwv22", AuthUser ID: "5DMENCsdKbQ5DTvv9O7hqrmYwv22", Type: string
2026-02-10T12:14:57.292Z [MSG]: getAllMessages Check - UserID Param: "LAYAudITwwWjsZoQWz6FtZp8DuI3", AuthUser ID: "LAYAudITwwWjsZoQWz6FtZp8DuI3", Type: string
2026-02-10T12:15:04.304Z [MSG]: getAllMessages Check - UserID Param: "LAYAudITwwWjsZoQWz6FtZp8DuI3", AuthUser ID: "LAYAudITwwWjsZoQWz6FtZp8DuI3", Type: string
2026-02-10T12:15:11.479Z [MSG]: getAllMessages Check - UserID Param: "LAYAudITwwWjsZoQWz6FtZp8DuI3", AuthUser ID: "LAYAudITwwWjsZoQWz6FtZp8DuI3", Type: string
2026-02-10T12:16:49.625Z [MSG]: getAllMessages Check - UserID Param: "5DMENCsdKbQ5DTvv9O7hqrmYwv22", AuthUser ID: "5DMENCsdKbQ5DTvv9O7hqrmYwv22", Type: string
2026-02-10T12:17:36.437Z [MSG]: getAllMessages Check - UserID Param: "LAYAudITwwWjsZoQWz6FtZp8DuI3", AuthUser ID: "LAYAudITwwWjsZoQWz6FtZp8DuI3", Type: string
2026-02-10T12:21:30.331Z [MSG]: getAllMessages Check - UserID Param: "5DMENCsdKbQ5DTvv9O7hqrmYwv22", AuthUser ID: "5DMENCsdKbQ5DTvv9O7hqrmYwv22", Type: string
2026-02-10T12:21:51.346Z [MSG]: getAllMessages Check - UserID Param: "LAYAudITwwWjsZoQWz6FtZp8DuI3", AuthUser ID: "LAYAudITwwWjsZoQWz6FtZp8DuI3", Type: string
2026-02-10T12:29:11.247Z [MSG]: getAllMessages Check - UserID Param: "5DMENCsdKbQ5DTvv9O7hqrmYwv22", AuthUser ID: "5DMENCsdKbQ5DTvv9O7hqrmYwv22", Type: string
2026-02-10T12:35:56.719Z [MSG]: getAllMessages Check - UserID Param: "5DMENCsdKbQ5DTvv9O7hqrmYwv22", AuthUser ID: "5DMENCsdKbQ5DTvv9O7hqrmYwv22", Type: string
2026-02-10T12:37:39.680Z [MSG]: getAllMessages Check - UserID Param: "LAYAudITwwWjsZoQWz6FtZp8DuI3", AuthUser ID: "LAYAudITwwWjsZoQWz6FtZp8DuI3", Type: string
2026-02-10T12:44:28.481Z [MSG]: getAllMessages Check - UserID Param: "5DMENCsdKbQ5DTvv9O7hqrmYwv22", AuthUser ID: "5DMENCsdKbQ5DTvv9O7hqrmYwv22", Type: string
2026-02-10T12:44:40.630Z [MSG]: getAllMessages Check - UserID Param: "LAYAudITwwWjsZoQWz6FtZp8DuI3", AuthUser ID: "LAYAudITwwWjsZoQWz6FtZp8DuI3", Type: string
2026-02-10T12:52:47.679Z [MSG]: getAllMessages Check - UserID Param: "5DMENCsdKbQ5DTvv9O7hqrmYwv22", AuthUser ID: "5DMENCsdKbQ5DTvv9O7hqrmYwv22", Type: string
2026-02-10T12:55:33.082Z [MSG]: getAllMessages Check - UserID Param: "5DMENCsdKbQ5DTvv9O7hqrmYwv22", AuthUser ID: "5DMENCsdKbQ5DTvv9O7hqrmYwv22", Type: string
2026-02-10T12:55:54.444Z [MSG]: getAllMessages Check - UserID Param: "LAYAudITwwWjsZoQWz6FtZp8DuI3", AuthUser ID: "LAYAudITwwWjsZoQWz6FtZp8DuI3", Type: string
2026-02-10T13:21:17.797Z [MSG]: getAllMessages Check - UserID Param: "5DMENCsdKbQ5DTvv9O7hqrmYwv22", AuthUser ID: "5DMENCsdKbQ5DTvv9O7hqrmYwv22", Type: string
2026-02-10T13:32:42.462Z [MSG]: getAllMessages Check - UserID Param: "5DMENCsdKbQ5DTvv9O7hqrmYwv22", AuthUser ID: "5DMENCsdKbQ5DTvv9O7hqrmYwv22", Type: string
2026-02-10T15:15:40.981Z [MSG]: getAllMessages Check - UserID Param: "5DMENCsdKbQ5DTvv9O7hqrmYwv22", AuthUser ID: "5DMENCsdKbQ5DTvv9O7hqrmYwv22", Type: string
2026-02-10T15:25:50.276Z [MSG]: getAllMessages Check - UserID Param: "5DMENCsdKbQ5DTvv9O7hqrmYwv22", AuthUser ID: "5DMENCsdKbQ5DTvv9O7hqrmYwv22", Type: string
2026-02-10T15:25:56.986Z [MSG]: getAllMessages Check - UserID Param: "LAYAudITwwWjsZoQWz6FtZp8DuI3", AuthUser ID: "LAYAudITwwWjsZoQWz6FtZp8DuI3", Type: string
2026-02-10T15:40:34.685Z [MSG]: getAllMessages Check - UserID Param: "5DMENCsdKbQ5DTvv9O7hqrmYwv22", AuthUser ID: "5DMENCsdKbQ5DTvv9O7hqrmYwv22", Type: string
2026-02-10T15:40:48.778Z [MSG]: getAllMessages Check - UserID Param: "LAYAudITwwWjsZoQWz6FtZp8DuI3", AuthUser ID: "LAYAudITwwWjsZoQWz6FtZp8DuI3", Type: string
2026-02-10T15:41:20.435Z [MSG]: getAllMessages Check - UserID Param: "5DMENCsdKbQ5DTvv9O7hqrmYwv22", AuthUser ID: "5DMENCsdKbQ5DTvv9O7hqrmYwv22", Type: string
2026-02-10T15:53:17.990Z [MSG]: getAllMessages Check - UserID Param: "5DMENCsdKbQ5DTvv9O7hqrmYwv22", AuthUser ID: "5DMENCsdKbQ5DTvv9O7hqrmYwv22", Type: string
2026-02-10T20:13:39.604Z [MSG]: getAllMessages Check - UserID Param: "LAYAudITwwWjsZoQWz6FtZp8DuI3", AuthUser ID: "LAYAudITwwWjsZoQWz6FtZp8DuI3", Type: string
2026-02-10T20:13:53.730Z [MSG]: getAllMessages Check - UserID Param: "5DMENCsdKbQ5DTvv9O7hqrmYwv22", AuthUser ID: "5DMENCsdKbQ5DTvv9O7hqrmYwv22", Type: string
2026-02-10T23:03:00.108Z [MSG]: getAllMessages Check - UserID Param: "5DMENCsdKbQ5DTvv9O7hqrmYwv22", AuthUser ID: "5DMENCsdKbQ5DTvv9O7hqrmYwv22", Type: string
2026-02-10T23:04:23.307Z [MSG]: getAllMessages Check - UserID Param: "LAYAudITwwWjsZoQWz6FtZp8DuI3", AuthUser ID: "LAYAudITwwWjsZoQWz6FtZp8DuI3", Type: string
2026-02-10T23:04:51.363Z [MSG]: getAllMessages Check - UserID Param: "LAYAudITwwWjsZoQWz6FtZp8DuI3", AuthUser ID: "LAYAudITwwWjsZoQWz6FtZp8DuI3", Type: string
2026-02-11T01:03:22.451Z [MSG]: getAllMessages Check - UserID Param: "5DMENCsdKbQ5DTvv9O7hqrmYwv22", AuthUser ID: "5DMENCsdKbQ5DTvv9O7hqrmYwv22", Type: string
2026-02-11T01:05:42.658Z [MSG]: getAllMessages Check - UserID Param: "5DMENCsdKbQ5DTvv9O7hqrmYwv22", AuthUser ID: "5DMENCsdKbQ5DTvv9O7hqrmYwv22", Type: string
2026-02-11T01:05:53.892Z [MSG]: getAllMessages Check - UserID Param: "5DMENCsdKbQ5DTvv9O7hqrmYwv22", AuthUser ID: "5DMENCsdKbQ5DTvv9O7hqrmYwv22", Type: string
2026-02-11T01:06:12.072Z [MSG]: getAllMessages Check - UserID Param: "LAYAudITwwWjsZoQWz6FtZp8DuI3", AuthUser ID: "LAYAudITwwWjsZoQWz6FtZp8DuI3", Type: string
2026-02-11T08:59:40.991Z [MSG]: getAllMessages Check - UserID Param: "OolO4E0Ro1aiX30foMQmD4vGsEj1", AuthUser ID: "OolO4E0Ro1aiX30foMQmD4vGsEj1", Type: string
2026-02-11T11:28:40.023Z [MSG]: getAllMessages Check - UserID Param: "OolO4E0Ro1aiX30foMQmD4vGsEj1", AuthUser ID: "OolO4E0Ro1aiX30foMQmD4vGsEj1", Type: string
2026-02-11T12:32:06.627Z [MSG]: getAllMessages Check - UserID Param: "OolO4E0Ro1aiX30foMQmD4vGsEj1", AuthUser ID: "OolO4E0Ro1aiX30foMQmD4vGsEj1", Type: string
2026-02-11T13:00:38.282Z [MSG]: getAllMessages Check - UserID Param: "OolO4E0Ro1aiX30foMQmD4vGsEj1", AuthUser ID: "OolO4E0Ro1aiX30foMQmD4vGsEj1", Type: string
2026-02-11T13:15:05.546Z [MSG]: getAllMessages Check - UserID Param: "OolO4E0Ro1aiX30foMQmD4vGsEj1", AuthUser ID: "OolO4E0Ro1aiX30foMQmD4vGsEj1", Type: string
2026-02-11T14:38:36.518Z [MSG]: getAllMessages Check - UserID Param: "Cii8XGKpIQbiQCfbvskd3xrfxcH3", AuthUser ID: "Cii8XGKpIQbiQCfbvskd3xrfxcH3", Type: string
2026-02-11T14:38:39.138Z [MSG]: getAllMessages Check - UserID Param: "Cii8XGKpIQbiQCfbvskd3xrfxcH3", AuthUser ID: "Cii8XGKpIQbiQCfbvskd3xrfxcH3", Type: string
2026-02-11T14:38:57.696Z [MSG]: getAllMessages Check - UserID Param: "OolO4E0Ro1aiX30foMQmD4vGsEj1", AuthUser ID: "OolO4E0Ro1aiX30foMQmD4vGsEj1", Type: string
2026-02-11T14:40:29.317Z [MSG]: getAllMessages Check - UserID Param: "OolO4E0Ro1aiX30foMQmD4vGsEj1", AuthUser ID: "OolO4E0Ro1aiX30foMQmD4vGsEj1", Type: string
2026-02-11T14:40:56.534Z [MSG]: getAllMessages Check - UserID Param: "OolO4E0Ro1aiX30foMQmD4vGsEj1", AuthUser ID: "OolO4E0Ro1aiX30foMQmD4vGsEj1", Type: string
2026-02-11T15:15:51.237Z [MSG]: getAllMessages Check - UserID Param: "OolO4E0Ro1aiX30foMQmD4vGsEj1", AuthUser ID: "OolO4E0Ro1aiX30foMQmD4vGsEj1", Type: string
2026-02-12T12:28:00.116Z [MSG]: getAllMessages Check - UserID Param: "OolO4E0Ro1aiX30foMQmD4vGsEj1", AuthUser ID: "OolO4E0Ro1aiX30foMQmD4vGsEj1", Type: string
2026-02-12T13:01:45.600Z [MSG]: getAllMessages Check - UserID Param: "OolO4E0Ro1aiX30foMQmD4vGsEj1", AuthUser ID: "OolO4E0Ro1aiX30foMQmD4vGsEj1", Type: string
2026-02-12T13:01:47.334Z [MSG]: getAllMessages Check - UserID Param: "OolO4E0Ro1aiX30foMQmD4vGsEj1", AuthUser ID: "OolO4E0Ro1aiX30foMQmD4vGsEj1", Type: string
2026-02-12T13:06:19.880Z [MSG]: getAllMessages Check - UserID Param: "OolO4E0Ro1aiX30foMQmD4vGsEj1", AuthUser ID: "OolO4E0Ro1aiX30foMQmD4vGsEj1", Type: string
2026-02-12T15:47:16.957Z [MSG]: getAllMessages Check - UserID Param: "KvVBP4fq1dR6CbdpC6QHEkFoTR53", AuthUser ID: "KvVBP4fq1dR6CbdpC6QHEkFoTR53", Type: string
2026-02-12T17:29:20.799Z [MSG]: getAllMessages Check - UserID Param: "KvVBP4fq1dR6CbdpC6QHEkFoTR53", AuthUser ID: "KvVBP4fq1dR6CbdpC6QHEkFoTR53", Type: string
2026-02-14T12:47:19.349Z [MSG]: getAllMessages Check - UserID Param: "user_1771068597855_4xs2tk8xm", AuthUser ID: "636", Type: number
2026-02-14T12:54:59.150Z [MSG]: getAllMessages Check - UserID Param: "user_1771068597855_4xs2tk8xm", AuthUser ID: "636", Type: number
2026-02-14T13:07:33.588Z [MSG]: getAllMessages Check - UserID Param: "user_1771068597855_4xs2tk8xm", AuthUser ID: "636", Type: number
2026-02-14T22:57:30.041Z [MSG]: getAllMessages Check - UserID Param: "user_1771109202620_lmyq8x90m", AuthUser ID: "649", Type: number
2026-02-15T04:21:34.701Z [MSG]: getAllMessages Check - UserID Param: "user_1771109202620_lmyq8x90m", AuthUser ID: "649", Type: number
2026-02-15T04:21:36.371Z [MSG]: getAllMessages Check - UserID Param: "user_1771109202620_lmyq8x90m", AuthUser ID: "649", Type: number
2026-02-15T04:46:39.452Z [MSG]: getAllMessages Check - UserID Param: "user_1771068597855_4xs2tk8xm", AuthUser ID: "636", Type: number
2026-02-15T05:39:27.897Z [MSG]: getAllMessages Check - UserID Param: "user_1771068597855_4xs2tk8xm", AuthUser ID: "636", Type: number
2026-02-15T05:52:35.987Z [MSG]: getAllMessages Check - UserID Param: "user_1771068597855_4xs2tk8xm", AuthUser ID: "636", Type: number
2026-02-15T06:16:58.861Z [MSG]: getAllMessages Check - UserID Param: "user_1771068597855_4xs2tk8xm", AuthUser ID: "636", Type: number
2026-02-15T06:17:00.998Z [MSG]: getAllMessages Check - UserID Param: "user_1771068597855_4xs2tk8xm", AuthUser ID: "636", Type: number
2026-02-15T06:17:13.658Z [MSG]: getAllMessages Check - UserID Param: "user_1771109202620_lmyq8x90m", AuthUser ID: "649", Type: number
2026-02-15T06:28:08.615Z [MSG]: getAllMessages Check - UserID Param: "user_1771068597855_4xs2tk8xm", AuthUser ID: "636", Type: number
2026-02-15T06:34:23.228Z [MSG]: getAllMessages Check - UserID Param: "user_1771068597855_4xs2tk8xm", AuthUser ID: "636", Type: number
2026-02-15T06:34:52.889Z [MSG]: getAllMessages Check - UserID Param: "user_1771109202620_lmyq8x90m", AuthUser ID: "649", Type: number
2026-02-15T06:35:52.226Z [MSG]: getAllMessages Check - UserID Param: "user_1771109202620_lmyq8x90m", AuthUser ID: "649", Type: number
2026-02-15T06:37:54.659Z [MSG]: getAllMessages Check - UserID Param: "user_1771068597855_4xs2tk8xm", AuthUser ID: "636", Type: number
2026-02-15T06:38:30.108Z [MSG]: getAllMessages Check - UserID Param: "user_1771068597855_4xs2tk8xm", AuthUser ID: "636", Type: number
2026-02-15T06:38:45.304Z [MSG]: getAllMessages Check - UserID Param: "user_1771068597855_4xs2tk8xm", AuthUser ID: "636", Type: number
2026-02-15T06:41:10.835Z [MSG]: getAllMessages Check - UserID Param: "user_1771068597855_4xs2tk8xm", AuthUser ID: "636", Type: number
2026-02-15T06:52:53.164Z [MSG]: getAllMessages Check - UserID Param: "user_1771068597855_4xs2tk8xm", AuthUser ID: "636", Type: number
2026-02-15T06:53:00.245Z [MSG]: Request Body: {"receiverId":"user_1771109202620_lmyq8x90m","text":"hh"}
2026-02-15T06:53:00.251Z [MSG]: Attempting encryption for text length: 2
2026-02-15T06:53:00.254Z [MSG]: Encryption successful
2026-02-15T06:53:00.255Z [MSG]: Inserting into DB: sender=user_1771068597855_4xs2tk8xm, receiver=user_1771109202620_lmyq8x90m
2026-02-15T06:53:00.290Z [MSG]: DB Insert successful, ID: 46
2026-02-15T06:53:06.523Z [MSG]: getAllMessages Check - UserID Param: "user_1771109202620_lmyq8x90m", AuthUser ID: "649", Type: number
2026-02-15T06:53:09.970Z [MSG]: Request Body: {"receiverId":"user_1771068597855_4xs2tk8xm","text":"lok"}
2026-02-15T06:53:09.976Z [MSG]: Attempting encryption for text length: 3
2026-02-15T06:53:09.977Z [MSG]: Encryption successful
2026-02-15T06:53:09.978Z [MSG]: Inserting into DB: sender=user_1771109202620_lmyq8x90m, receiver=user_1771068597855_4xs2tk8xm
2026-02-15T06:53:09.982Z [MSG]: DB Insert successful, ID: 47
2026-02-15T11:56:57.248Z [MSG]: getAllMessages Check - UserID Param: "user_1771068597855_4xs2tk8xm", AuthUser ID: "636", Type: number
2026-02-15T17:23:22.524Z [MSG]: getAllMessages Check - UserID Param: "user_1771068597855_4xs2tk8xm", AuthUser ID: "636", Type: number
2026-02-15T17:23:26.591Z [MSG]: Request Body: {"receiverId":"user_1771109202620_lmyq8x90m","text":"gg"}
2026-02-15T17:23:26.596Z [MSG]: Attempting encryption for text length: 2
2026-02-15T17:23:26.597Z [MSG]: Encryption successful
2026-02-15T17:23:26.598Z [MSG]: Inserting into DB: sender=user_1771068597855_4xs2tk8xm, receiver=user_1771109202620_lmyq8x90m
2026-02-15T17:23:26.651Z [MSG]: DB Insert successful, ID: 48
2026-02-15T17:23:30.784Z [MSG]: getAllMessages Check - UserID Param: "user_1771109202620_lmyq8x90m", AuthUser ID: "649", Type: number
2026-02-15T17:26:14.228Z [MSG]: getAllMessages Check - UserID Param: "user_1771068597855_4xs2tk8xm", AuthUser ID: "636", Type: number
2026-02-15T17:47:55.073Z [MSG]: getAllMessages Check - UserID Param: "user_1771109202620_lmyq8x90m", AuthUser ID: "649", Type: number
2026-02-15T17:53:31.603Z [MSG]: getAllMessages Check - UserID Param: "user_1771109202620_lmyq8x90m", AuthUser ID: "649", Type: number
2026-02-15T17:55:26.792Z [MSG]: getAllMessages Check - UserID Param: "user_1771109202620_lmyq8x90m", AuthUser ID: "649", Type: number
2026-02-15T17:57:22.214Z [MSG]: getAllMessages Check - UserID Param: "user_1771068597855_4xs2tk8xm", AuthUser ID: "636", Type: number
2026-02-15T18:07:15.655Z [MSG]: getAllMessages Check - UserID Param: "user_1771068597855_4xs2tk8xm", AuthUser ID: "636", Type: number
2026-02-15T18:07:19.336Z [MSG]: Request Body: {"receiverId":"user_1771109202620_lmyq8x90m","text":"sa1"}
2026-02-15T18:07:19.341Z [MSG]: Attempting encryption for text length: 3
2026-02-15T18:07:19.344Z [MSG]: Encryption successful
2026-02-15T18:07:19.345Z [MSG]: Inserting into DB: sender=user_1771068597855_4xs2tk8xm, receiver=user_1771109202620_lmyq8x90m
2026-02-15T18:07:19.352Z [MSG]: DB Insert successful, ID: 49
2026-02-15T18:07:22.655Z [MSG]: getAllMessages Check - UserID Param: "user_1771109202620_lmyq8x90m", AuthUser ID: "649", Type: number
2026-02-15T18:07:28.868Z [MSG]: getAllMessages Check - UserID Param: "user_1771109202620_lmyq8x90m", AuthUser ID: "649", Type: number
2026-02-15T18:07:34.288Z [MSG]: Request Body: {"receiverId":"user_1771068597855_4xs2tk8xm","text":"as1"}
2026-02-15T18:07:34.291Z [MSG]: Attempting encryption for text length: 3
2026-02-15T18:07:34.292Z [MSG]: Encryption successful
2026-02-15T18:07:34.292Z [MSG]: Inserting into DB: sender=user_1771109202620_lmyq8x90m, receiver=user_1771068597855_4xs2tk8xm
2026-02-15T18:07:34.296Z [MSG]: DB Insert successful, ID: 50
2026-02-15T18:13:28.982Z [MSG]: getAllMessages Check - UserID Param: "user_1771068597855_4xs2tk8xm", AuthUser ID: "636", Type: number
2026-02-16T01:55:38.072Z [MSG]: getAllMessages Check - UserID Param: "user_1771068597855_4xs2tk8xm", AuthUser ID: "636", Type: number
2026-02-18T16:58:19.528Z [MSG]: getAllMessages Check - UserID Param: "user_1771068597855_4xs2tk8xm", AuthUser ID: "636", Type: number
2026-02-20T09:46:46.438Z [MSG]: getAllMessages Check - UserID Param: "user_1771580710078_7l6hg6gbn", AuthUser ID: "652", Type: number
2026-02-20T17:10:49.239Z [MSG]: getAllMessages Check - UserID Param: "user_1771068597855_4xs2tk8xm", AuthUser ID: "636", Type: number
2026-02-20T17:10:54.378Z [MSG]: Request Body: {"receiverId":"user_1771109148057_urj8rv7bo","text":"sa"}
2026-02-20T17:10:54.380Z [MSG]: Attempting encryption for text length: 2
2026-02-20T17:10:54.381Z [MSG]: Encryption successful
2026-02-20T17:10:54.381Z [MSG]: Inserting into DB: sender=user_1771068597855_4xs2tk8xm, receiver=user_1771109148057_urj8rv7bo
2026-02-20T17:10:54.407Z [MSG]: DB Insert successful, ID: 51
2026-02-21T13:12:36.232Z [MSG]: getAllMessages Check - UserID Param: "user_1771580710078_7l6hg6gbn", AuthUser ID: "652", Type: number
2026-02-21T13:19:19.042Z [MSG]: getAllMessages Check - UserID Param: "user_1771580710078_7l6hg6gbn", AuthUser ID: "652", Type: number
2026-02-21T16:41:07.935Z [MSG]: getAllMessages Check - UserID Param: "user_1771580710078_7l6hg6gbn", AuthUser ID: "652", Type: number
2026-02-21T16:43:23.789Z [MSG]: getAllMessages Check - UserID Param: "user_1771580710078_7l6hg6gbn", AuthUser ID: "652", Type: number
2026-02-21T16:43:29.040Z [MSG]: getAllMessages Check - UserID Param: "user_1771580710078_7l6hg6gbn", AuthUser ID: "652", Type: number
2026-02-21T16:48:31.377Z [MSG]: getAllMessages Check - UserID Param: "user_1771580710078_7l6hg6gbn", AuthUser ID: "652", Type: number
2026-02-21T16:48:46.816Z [MSG]: getAllMessages Check - UserID Param: "user_1771524856186_hfpxs9mqo", AuthUser ID: "653", Type: number
2026-02-21T16:48:49.928Z [MSG]: Request Body: {"receiverId":"user_1771528075648_xzeqpbyqh","text":"sa"}
2026-02-21T16:48:49.995Z [MSG]: Attempting encryption for text length: 2
2026-02-21T16:48:49.998Z [MSG]: Encryption successful
2026-02-21T16:48:49.999Z [MSG]: Inserting into DB: sender=user_1771524856186_hfpxs9mqo, receiver=user_1771528075648_xzeqpbyqh
2026-02-21T16:48:50.074Z [MSG]: DB Insert successful, ID: 51
2026-02-22T07:12:22.480Z [MSG]: getAllMessages Check - UserID Param: "user_1771524856186_hfpxs9mqo", AuthUser ID: "653", Type: number
2026-02-22T09:08:24.571Z [MSG]: getAllMessages Check - UserID Param: "user_1771524856186_hfpxs9mqo", AuthUser ID: "653", Type: number
2026-02-22T09:08:48.913Z [MSG]: getAllMessages Check - UserID Param: "user_1771524856186_hfpxs9mqo", AuthUser ID: "653", Type: number
2026-02-22T11:50:09.736Z [MSG]: getAllMessages Check - UserID Param: "user_1771524856186_hfpxs9mqo", AuthUser ID: "653", Type: number
2026-02-22T14:00:19.864Z [MSG]: getAllMessages Check - UserID Param: "user_1771524856186_hfpxs9mqo", AuthUser ID: "653", Type: number
2026-02-24T15:13:07.932Z [MSG]: getAllMessages Check - UserID Param: "user_1771524856186_hfpxs9mqo", AuthUser ID: "653", Type: number
2026-02-24T16:32:19.074Z [MSG]: getAllMessages Check - UserID Param: "user_1771524856186_hfpxs9mqo", AuthUser ID: "653", Type: number
